<?xml version="1.0" encoding="UTF-8"?>
<!-- Generated by org.testng.reporters.JUnitReportReporter -->
<testsuite hostname="DESKTOP-IDPAKS2" failures="0" tests="1" name="com.demoqa.tests.LoginTests" time="11.892" errors="0" timestamp="2024-07-04T18:14:48 CEST" skipped="0">
  <testcase classname="com.demoqa.tests.LoginTests" name="loginPositiveTest" time="11.892"/>
</testsuite> <!-- com.demoqa.tests.LoginTests -->
